<?xml version="1.0" encoding="UTF-8" ?>
<stix:STIX_Package
    xmlns:stixVocabs="http://stix.mitre.org/default_vocabularies-1"
    xmlns:xsi="http://www.w3.org/2001/XMLSchema-instance"
    xmlns:stix="http://stix.mitre.org/stix-1"
    xmlns:marking="http://data-marking.mitre.org/Marking-1"
    xmlns:AIS="http://www.us-cert.gov/STIXMarkingStructure#AISConsentMarking-2"
    xmlns:stixCommon="http://stix.mitre.org/common-1"
    xmlns:stix-ciq="http://stix.mitre.org/extensions/Identity#CIQIdentity3.0-1"
    xmlns:xpil="urn:oasis:names:tc:ciq:xpil:3"
    xmlns:xnl="urn:oasis:names:tc:ciq:xnl:3"
    xmlns:xal="urn:oasis:names:tc:ciq:xal:3"
    xmlns:cyboxCommon="http://cybox.mitre.org/common-2"
    xmlns:cybox="http://cybox.mitre.org/cybox-2"
    xmlns:AddressObj="http://cybox.mitre.org/objects#AddressObject-2"
    xmlns:indicator="http://stix.mitre.org/Indicator-2"
    xmlns:URIObj="http://cybox.mitre.org/objects#URIObject-2"
    xmlns:FileObj="http://cybox.mitre.org/objects#FileObject-2"
    xmlns:WinRegistryKeyObj="http://cybox.mitre.org/objects#WinRegistryKeyObject-2"
    xsi:schemaLocation="
http://stix.mitre.org/stix-1 http://stix.mitre.org/XMLSchema/core/1.1.1/stix_core.xsd
http://data-marking.mitre.org/Marking-1 http://stix.mitre.org/XMLSchema/data_marking/1.1.1/data_marking.xsd
http://www.us-cert.gov/STIXMarkingStructure#AISConsentMarking-2 http://www.us-cert.gov/sites/default/files/STIX_Namespace/AIS_Bundle_Marking_1.1.1_v1.0.xsd
http://stix.mitre.org/common-1 http://stix.mitre.org/XMLSchema/common/1.1.1/stix_common.xsd
http://stix.mitre.org/extensions/Identity#CIQIdentity3.0-1 http://stix.mitre.org/XMLSchema/extensions/identity/ciq_3.0/1.1.1/ciq_3.0_identity.xsd
urn:oasis:names:tc:ciq:xpil:3 http://stix.mitre.org/XMLSchema/external/oasis_ciq_3.0/xPIL.xsd
http://cybox.mitre.org/common-2 http://cybox.mitre.org/XMLSchema/common/2.1/cybox_common.xsd
http://cybox.mitre.org/cybox-2 http://cybox.mitre.org/XMLSchema/core/2.1/cybox_core.xsd
http://cybox.mitre.org/objects#AddressObject-2 http://cybox.mitre.org/XMLSchema/objects/Address/2.1/Address_Object.xsd
http://stix.mitre.org/Indicator-2 http://stix.mitre.org/XMLSchema/indicator/2.1.1/indicator.xsd
http://cybox.mitre.org/objects#URIObject-2 http://cybox.mitre.org/XMLSchema/objects/URI/2.1/URI_Object.xsd
http://cybox.mitre.org/objects#FileObject-2 http://cybox.mitre.org/XMLSchema/objects/File/2.1/File_Object.xsd
http://cybox.mitre.org/objects#WinRegistryKeyObject-2 http://cybox.mitre.org/XMLSchema/objects/Win_Registry_Key/2.1/Win_Registry_Key_Object.xsd
"
    id="regression-test-05-01"
    version="1.1.1"
    timestamp="9999-12-31T00:00:00Z">
    <stix:STIX_Header>
        <stix:Title>regression-test-05</stix:Title>
        <stix:Package_Intent xsi:type="stixVocabs:PackageIntentVocab-1.0">Indicators</stix:Package_Intent>
        <stix:Handling>
            <marking:Marking>
                <marking:Controlled_Structure>//node()</marking:Controlled_Structure>
                <marking:Marking_Structure xsi:type="AIS:AISMarkingStructure">
                    <AIS:Not_Proprietary CISA_Proprietary="false">
                        <AIS:AISConsent consent="NONE" />
                        <AIS:TLPMarking color="WHITE" />
                    </AIS:Not_Proprietary>
                </marking:Marking_Structure>
            </marking:Marking>
        </stix:Handling>
        <stix:Information_Source>
            <stixCommon:Contributing_Sources>
                <stixCommon:Source>
                    <stixCommon:Identity xsi:type="stix-ciq:CIQIdentity3.0InstanceType">
                        <stix-ciq:Specification>
                            <xpil:PartyName>
                                <xnl:OrganisationName>
                                    <xnl:NameElement>ACME</xnl:NameElement>
                                </xnl:OrganisationName>
                            </xpil:PartyName>
                            <xpil:Addresses>
                                <xpil:Address>
                                    <xal:Country>
                                        <xal:NameElement xal:NameCode="US" xal:NameCodeType="ISO 3166-1 alpha-2" />
                                    </xal:Country>
                                    <xal:AdministrativeArea>
                                        <xal:NameElement xal:NameCode="US-NY" xal:NameCodeType="ISO 3166-2" />
                                    </xal:AdministrativeArea>
                                </xpil:Address>
                            </xpil:Addresses>
                            <xpil:OrganisationInfo xpil:IndustryType="Transportation Systems Sector" />
                        </stix-ciq:Specification>
                    </stixCommon:Identity>
                    <stixCommon:Tools>
                        <cyboxCommon:Tool>
                            <cyboxCommon:Metadata>
                                <cyboxCommon:Value>EMAIL</cyboxCommon:Value>
                            </cyboxCommon:Metadata>
                        </cyboxCommon:Tool>
                    </stixCommon:Tools>
                </stixCommon:Source>
            </stixCommon:Contributing_Sources>
            <stixCommon:Time />
        </stix:Information_Source>


    </stix:STIX_Header>
    <stix:Indicators>
        <stix:Indicator id="Indicator-1-regression-test-05-01" timestamp="2014-05-15T20:22:19Z" xsi:type="indicator:IndicatorType">
            <indicator:Type>IP Watchlist</indicator:Type>
            <indicator:Description>sdfdsafsad</indicator:Description>
            <indicator:Observable id="Observable-1-regression-test-05-01">
                <cybox:Object id="URI-regression-test-05-01">
                    <cybox:Properties type="URL" xsi:type="URIObj:URIObjectType">
                        <URIObj:Value condition="Equals">test27@stuff.com</URIObj:Value>
                    </cybox:Properties>
                </cybox:Object>
            </indicator:Observable>
        </stix:Indicator>
        <stix:Indicator id="Indicator-2-regression-test-05-01" timestamp="2014-05-15T20:22:19Z" xsi:type="indicator:IndicatorType">
            <indicator:Type>IP Watchlist</indicator:Type>
            <indicator:Description>sdfsadfsdf</indicator:Description>
            <indicator:Observable id="Observable-2-regression-test-05-01">
                <cybox:Object id="File-regression-test-05-01">
                    <cybox:Properties xsi:type="FileObj:FileObjectType">
                        <FileObj:File_Name condition="Equals">Some Name</FileObj:File_Name>
                    </cybox:Properties>
                </cybox:Object>
            </indicator:Observable>
        </stix:Indicator>
        <stix:Indicator id="Indicator-3-regression-test-05-01" timestamp="2014-05-15T20:22:19Z" xsi:type="indicator:IndicatorType">
            <indicator:Type>IP Watchlist</indicator:Type>
            <indicator:Description>sfsdfsdfs</indicator:Description>
            <indicator:Observable id="Observable-3-regression-test-05-01">
                <cybox:Object id="WinRegistry-regression-test-05-01">
                    <cybox:Properties xsi:type="WinRegistryKeyObj:WindowsRegistryKeyObjectType">
                        <WinRegistryKeyObj:Key condition="Equals">1.1.1.23</WinRegistryKeyObj:Key>
                        <WinRegistryKeyObj:Hive condition="Equals">HKEY_CLASSES_ROOT</WinRegistryKeyObj:Hive>
                    </cybox:Properties>
                </cybox:Object>
            </indicator:Observable>
        </stix:Indicator>
    </stix:Indicators>
</stix:STIX_Package>
